#
# There is insufficient memory for the Java Runtime Environment to continue.
# Native memory allocation (mmap) failed to map 264241152 bytes. Error detail: G1 virtual space
# Possible reasons:
#   The system is out of physical RAM or swap space
#   This process is running with CompressedOops enabled, and the Java Heap may be blocking the growth of the native heap
# Possible solutions:
#   Reduce memory load on the system
#   Increase physical memory or swap space
#   Check if swap backing store is full
#   Decrease Java heap size (-Xmx/-Xms)
#   Decrease number of Java threads
#   Decrease Java thread stack sizes (-Xss)
#   Set larger code cache with -XX:ReservedCodeCacheSize=
#   JVM is running with Zero Based Compressed Oops mode in which the Java heap is
#     placed in the first 32GB address space. The Java Heap base address is the
#     maximum limit for the native heap growth. Please use -XX:HeapBaseMinAddress
#     to set the Java Heap base and to place the Java Heap above 32GB virtual address.
# This output file may be truncated or incomplete.
#
#  Out of Memory Error (os_windows.cpp:3898), pid=12496, tid=7728
#
# JRE version:  (21.0.6) (build )
# Java VM: OpenJDK 64-Bit Server VM (21.0.6+-13355223-b631.42, mixed mode, sharing, tiered, compressed oops, compressed class ptrs, g1 gc, windows-amd64)
# No core dump will be written. Minidumps are not enabled by default on client versions of Windows
#

---------------  S U M M A R Y ------------

Command Line: org.jetbrains.kotlin.cli.jvm.K2JVMCompiler @D:\TrainingVM\Files\FocusApp\android\app\build\20250627_10483032456454665208.compiler.options

Host: 13th Gen Intel(R) Core(TM) i5-1345U, 12 cores, 15G,  Windows 11 , 64 bit Build 26100 (10.0.26100.3912)
Time: Fri Jun 27 00:51:24 2025 India Standard Time elapsed time: 2.036255 seconds (0d 0h 0m 2s)

---------------  T H R E A D  ---------------

Current thread (0x000002b0ddac5280):  JavaThread "Unknown thread" [_thread_in_vm, id=7728, stack(0x000000ec68200000,0x000000ec68300000) (1024K)]

Stack: [0x000000ec68200000,0x000000ec68300000]
Native frames: (J=compiled Java code, j=interpreted, Vv=VM code, C=native code)
V  [jvm.dll+0x6d05a9]
V  [jvm.dll+0x85ea73]
V  [jvm.dll+0x860fce]
V  [jvm.dll+0x8616b3]
V  [jvm.dll+0x27e6e6]
V  [jvm.dll+0x6ccf45]
V  [jvm.dll+0x6c09fa]
V  [jvm.dll+0x35535b]
V  [jvm.dll+0x35cfb6]
V  [jvm.dll+0x3aef46]
V  [jvm.dll+0x3af218]
V  [jvm.dll+0x327a2c]
V  [jvm.dll+0x32871b]
V  [jvm.dll+0x8264b9]
V  [jvm.dll+0x3bc118]
V  [jvm.dll+0x80f768]
V  [jvm.dll+0x4502ce]
V  [jvm.dll+0x451a31]
C  [jli.dll+0x52ab]
C  [ucrtbase.dll+0x37b0]
C  [KERNEL32.DLL+0x2e8d7]
C  [ntdll.dll+0x9c5dc]


---------------  P R O C E S S  ---------------

Threads class SMR info:
_java_thread_list=0x00007ffd1aad1848, length=0, elements={
}

Java Threads: ( => current thread )
Total: 0

Other Threads:
  0x000002b0dff0fe80 WorkerThread "GC Thread#0"                     [id=17164, stack(0x000000ec68300000,0x000000ec68400000) (1024K)]
  0x000002b0dff20880 ConcurrentGCThread "G1 Main Marker"            [id=10616, stack(0x000000ec68400000,0x000000ec68500000) (1024K)]
  0x000002b0dff21290 WorkerThread "G1 Conc#0"                       [id=15836, stack(0x000000ec68500000,0x000000ec68600000) (1024K)]

[error occurred during error reporting (printing all threads), id 0xc0000005, EXCEPTION_ACCESS_VIOLATION (0xc0000005) at pc=0x00007ffd1a2caa67]
VM state: not at safepoint (not fully initialized)

VM Mutex/Monitor currently owned by a thread:  ([mutex/lock_event])
[0x00007ffd1ab3e4a0] Heap_lock - owner thread: 0x000002b0ddac5280

Heap address: 0x0000000704e00000, size: 4018 MB, Compressed Oops mode: Zero based, Oop shift amount: 3

CDS archive(s) mapped at: [0x0000000000000000-0x0000000000000000-0x0000000000000000), size 0, SharedBaseAddress: 0x0000000800000000, ArchiveRelocationMode: 1.
Narrow klass base: 0x0000000000000000, Narrow klass shift: 0, Narrow klass range: 0x0

GC Precious Log:
 CardTable entry size: 512
 Card Set container configuration: InlinePtr #cards 4 size 8 Array Of Cards #cards 16 size 48 Howl #buckets 8 coarsen threshold 3686 Howl Bitmap #cards 512 size 80 coarsen threshold 460 Card regions per heap region 1 cards per card region 4096

Heap:
 garbage-first heap   total 0K, used 0K [0x0000000704e00000, 0x0000000800000000)
  region size 2048K, 0 young (0K), 0 survivors (0K)
 Metaspace       used 0K, committed 0K, reserved 0K
  class space    used 0K, committed 0K, reserved 0K

Heap Regions: E=young(eden), S=young(survivor), O=old, HS=humongous(starts), HC=humongous(continues), CS=collection set, F=free, TAMS=top-at-mark-start, PB=parsable bottom

Card table byte_map: [0x000002b0f2d30000,0x000002b0f3510000] _byte_map_base: 0x000002b0ef509000

Marking Bits: (CMBitMap*) 0x000002b0dff10490
 Bits: [0x000002b0f3510000, 0x000002b0f73d8000)

GC Heap History (0 events):
No events

Dll operation events (1 events):
Event: 0.016 Loaded shared library C:\Program Files\Android\Android Studio\jbr\bin\java.dll

Deoptimization events (0 events):
No events

Classes loaded (0 events):
No events

Classes unloaded (0 events):
No events

Classes redefined (0 events):
No events

Internal exceptions (0 events):
No events

ZGC Phase Switch (0 events):
No events

VM Operations (0 events):
No events

Memory protections (0 events):
No events

Nmethod flushes (0 events):
No events

Events (0 events):
No events


Dynamic libraries:
0x00007ff70e240000 - 0x00007ff70e24a000 	C:\Program Files\Android\Android Studio\jbr\bin\java.exe
0x00007ffd98ac0000 - 0x00007ffd98d26000 	C:\WINDOWS\SYSTEM32\ntdll.dll
0x00007ffd98700000 - 0x00007ffd987c9000 	C:\WINDOWS\System32\KERNEL32.DLL
0x00007ffd96080000 - 0x00007ffd9644c000 	C:\WINDOWS\System32\KERNELBASE.dll
0x00007ffd7bbc0000 - 0x00007ffd7bbd8000 	C:\Program Files\Android\Android Studio\jbr\bin\jli.dll
0x00007ffd96450000 - 0x00007ffd9659b000 	C:\WINDOWS\System32\ucrtbase.dll
0x00007ffd79810000 - 0x00007ffd7982b000 	C:\Program Files\Android\Android Studio\jbr\bin\VCRUNTIME140.dll
0x00007ffd96f60000 - 0x00007ffd9712a000 	C:\WINDOWS\System32\USER32.dll
0x00007ffd78140000 - 0x00007ffd783da000 	C:\WINDOWS\WinSxS\amd64_microsoft.windows.common-controls_6595b64144ccf1df_6.0.26100.3912_none_3e07963ce335137e\COMCTL32.dll
0x00007ffd967c0000 - 0x00007ffd967e7000 	C:\WINDOWS\System32\win32u.dll
0x00007ffd96880000 - 0x00007ffd96929000 	C:\WINDOWS\System32\msvcrt.dll
0x00007ffd98860000 - 0x00007ffd9888b000 	C:\WINDOWS\System32\GDI32.dll
0x00007ffd95e80000 - 0x00007ffd95fb2000 	C:\WINDOWS\System32\gdi32full.dll
0x00007ffd95dd0000 - 0x00007ffd95e73000 	C:\WINDOWS\System32\msvcp_win.dll
0x00007ffd96df0000 - 0x00007ffd96e20000 	C:\WINDOWS\System32\IMM32.DLL
0x00007ffd81950000 - 0x00007ffd8195c000 	C:\Program Files\Android\Android Studio\jbr\bin\vcruntime140_1.dll
0x00007ffd527a0000 - 0x00007ffd5282d000 	C:\Program Files\Android\Android Studio\jbr\bin\msvcp140.dll
0x00007ffd19f90000 - 0x00007ffd1ac1b000 	C:\Program Files\Android\Android Studio\jbr\bin\server\jvm.dll
0x00007ffd97ea0000 - 0x00007ffd97f52000 	C:\WINDOWS\System32\ADVAPI32.dll
0x00007ffd97130000 - 0x00007ffd971d6000 	C:\WINDOWS\System32\sechost.dll
0x00007ffd983c0000 - 0x00007ffd984d6000 	C:\WINDOWS\System32\RPCRT4.dll
0x00007ffd987e0000 - 0x00007ffd98854000 	C:\WINDOWS\System32\WS2_32.dll
0x00007ffd95aa0000 - 0x00007ffd95afe000 	C:\WINDOWS\SYSTEM32\POWRPROF.dll
0x00007ffd92150000 - 0x00007ffd92186000 	C:\WINDOWS\SYSTEM32\WINMM.dll
0x00007ffd81170000 - 0x00007ffd8117b000 	C:\WINDOWS\SYSTEM32\VERSION.dll
0x00007ffd95a80000 - 0x00007ffd95a94000 	C:\WINDOWS\SYSTEM32\UMPDC.dll
0x00007ffd948a0000 - 0x00007ffd948ba000 	C:\WINDOWS\SYSTEM32\kernel.appcore.dll
0x00007ffd80620000 - 0x00007ffd8062a000 	C:\Program Files\Android\Android Studio\jbr\bin\jimage.dll
0x00007ffd93110000 - 0x00007ffd93351000 	C:\WINDOWS\SYSTEM32\DBGHELP.DLL
0x00007ffd97910000 - 0x00007ffd97c94000 	C:\WINDOWS\System32\combase.dll
0x00007ffd98610000 - 0x00007ffd986f0000 	C:\WINDOWS\System32\OLEAUT32.dll
0x00007ffd7b600000 - 0x00007ffd7b639000 	C:\WINDOWS\SYSTEM32\dbgcore.DLL
0x00007ffd965a0000 - 0x00007ffd96639000 	C:\WINDOWS\System32\bcryptPrimitives.dll
0x00007ffd79410000 - 0x00007ffd79430000 	C:\Program Files\Android\Android Studio\jbr\bin\java.dll

dbghelp: loaded successfully - version: 4.0.5 - missing functions: none
symbol engine: initialized successfully - sym options: 0x614 - pdb path: .;C:\Program Files\Android\Android Studio\jbr\bin;C:\WINDOWS\SYSTEM32;C:\WINDOWS\WinSxS\amd64_microsoft.windows.common-controls_6595b64144ccf1df_6.0.26100.3912_none_3e07963ce335137e;C:\Program Files\Android\Android Studio\jbr\bin\server

VM Arguments:
java_command: org.jetbrains.kotlin.cli.jvm.K2JVMCompiler @D:\TrainingVM\Files\FocusApp\android\app\build\20250627_10483032456454665208.compiler.options
java_class_path (initial): C:\Users\chandradip.gupta\.gradle\caches\modules-2\files-2.1\org.jetbrains.kotlin\kotlin-compiler-embeddable\2.1.20\4ef56b3316798316bfac7a0ae443391c9e900ea1\kotlin-compiler-embeddable-2.1.20.jar;C:\Users\chandradip.gupta\.gradle\caches\modules-2\files-2.1\org.jetbrains.kotlin\kotlin-stdlib\2.1.20\aa8ca79cd50578314f6d1180c47cbe14c0fee567\kotlin-stdlib-2.1.20.jar;C:\Users\chandradip.gupta\.gradle\caches\modules-2\files-2.1\org.jetbrains.kotlin\kotlin-script-runtime\2.1.20\f7c623d7f7bdb01f5ccd6b437bc0a937fcd7c57e\kotlin-script-runtime-2.1.20.jar;C:\Users\chandradip.gupta\.gradle\caches\modules-2\files-2.1\org.jetbrains.kotlin\kotlin-reflect\1.6.10\1cbe9c92c12a94eea200d23c2bbaedaf3daf5132\kotlin-reflect-1.6.10.jar;C:\Users\chandradip.gupta\.gradle\caches\modules-2\files-2.1\org.jetbrains.kotlin\kotlin-daemon-embeddable\2.1.20\95670fce77befd02a70a0bc3abe8ee4533521334\kotlin-daemon-embeddable-2.1.20.jar;C:\Users\chandradip.gupta\.gradle\caches\modules-2\files-2.1\org.jetbrains.intellij.deps\trove4j\1.0.20200330\3afb14d5f9ceb459d724e907a21145e8ff394f02\trove4j-1.0.20200330.jar;C:\Users\chandradip.gupta\.gradle\caches\modules-2\files-2.1\org.jetbrains.kotlinx\kotlinx-coroutines-core-jvm\1.8.0\ac1dc37a30a93150b704022f8d895ee1bd3a36b3\kotlinx-coroutines-core-jvm-1.8.0.jar;C:\Users\chandradip.gupta\.gradle\caches\modules-2\files-2.1\org.jetbrains\annotations\13.0\919f0dfe192fb4e063e7dacadee7f8bb9a2672a9\annotations-13.0.jar
Launcher Type: SUN_STANDARD

[Global flags]
     intx CICompilerCount                          = 4                                         {product} {ergonomic}
     uint ConcGCThreads                            = 3                                         {product} {ergonomic}
     uint G1ConcRefinementThreads                  = 10                                        {product} {ergonomic}
   size_t G1HeapRegionSize                         = 2097152                                   {product} {ergonomic}
    uintx GCDrainStackTargetSize                   = 64                                        {product} {ergonomic}
   size_t InitialHeapSize                          = 264241152                                 {product} {ergonomic}
   size_t MarkStackSize                            = 4194304                                   {product} {ergonomic}
   size_t MaxHeapSize                              = 4213178368                                {product} {ergonomic}
   size_t MinHeapDeltaBytes                        = 2097152                                   {product} {ergonomic}
   size_t MinHeapSize                              = 8388608                                   {product} {ergonomic}
    uintx NonNMethodCodeHeapSize                   = 5839372                                {pd product} {ergonomic}
    uintx NonProfiledCodeHeapSize                  = 122909434                              {pd product} {ergonomic}
    uintx ProfiledCodeHeapSize                     = 122909434                              {pd product} {ergonomic}
    uintx ReservedCodeCacheSize                    = 251658240                              {pd product} {ergonomic}
     bool SegmentedCodeCache                       = true                                      {product} {ergonomic}
   size_t SoftMaxHeapSize                          = 4213178368                             {manageable} {ergonomic}
     bool UseCompressedOops                        = true                           {product lp64_product} {ergonomic}
     bool UseG1GC                                  = true                                      {product} {ergonomic}
     bool UseLargePagesIndividualAllocation        = false                                  {pd product} {ergonomic}

Logging:
Log output configuration:
 #0: stdout all=warning uptime,level,tags foldmultilines=false
 #1: stderr all=off uptime,level,tags foldmultilines=false

Environment Variables:
JAVA_HOME=C:\Program Files\Java\jdk-17.0.5
PATH=C:\Program Files\Java\jdk-17.0.5\bin;C:\Program Files\Common Files\Oracle\Java\javapath;C:\Program Files (x86)\Common Files\Oracle\Java\java8path;C:\Program Files (x86)\Common Files\Oracle\Java\javapath;C:\WINDOWS\system32;C:\WINDOWS;C:\WINDOWS\System32\Wbem;C:\WINDOWS\System32\WindowsPowerShell\v1.0\;C:\WINDOWS\System32\OpenSSH\;C:\Program Files\TortoiseSVN\bin;C:\ProgramData\chocolatey\bin;C:\Program Files\nodejs\;C:\Users\chandradip.gupta\AppData\Local\Android\Sdk\platform-tools;C:\Program Files\Git\cmd;C:\Users\chandradip.gupta\AppData\Local\Android\Sdk;C:\Program Files\MySQL\MySQL Server 8.0\bin;C:\Users\chandradip.gupta\AppData\Local\Android\Sdk\tools;C:\Program Files\MySQL\MySQL Shell 8.0\bin\;C:\Users\chandradip.gupta\AppData\Local\Microsoft\WindowsApps;C:\Users\chandradip.gupta\AppData\Local\Programs\Microsoft VS Code\bin;C:\Users\chandradip.gupta\AppData\Roaming\npm;C:\Users\chandradip.gupta\AppData\Local\Android\Sdk\platform-tools;C:\Program Files\Git\cmd\git.exe;C:\Users\chandradip.gupta\AppData\Local\Android\Sdk;C:\Program Files\MySQL\MySQL Server 8.0\bin;
USERNAME=chandradip.gupta
OS=Windows_NT
PROCESSOR_IDENTIFIER=Intel64 Family 6 Model 186 Stepping 3, GenuineIntel
TMP=C:\Users\CHANDR~1.GUP\AppData\Local\Temp
TEMP=C:\Users\CHANDR~1.GUP\AppData\Local\Temp




Periodic native trim disabled

JNI global refs:
JNI global refs: 0, weak refs: 0

JNI global refs memory usage: 0, weak refs: 0

Process memory usage:
Resident Set Size: 12652K (0% of 16454352K total physical memory with 932540K free physical memory)

OOME stack traces (most recent first):
Classloader memory used:

---------------  S Y S T E M  ---------------

OS:
 Windows 11 , 64 bit Build 26100 (10.0.26100.3912)
OS uptime: 6 days 12:09 hours
Hyper-V role detected

CPU: total 12 (initial active 12) (6 cores per cpu, 2 threads per core) family 6 model 186 stepping 3 microcode 0x4123, cx8, cmov, fxsr, ht, mmx, 3dnowpref, sse, sse2, sse3, ssse3, sse4.1, sse4.2, popcnt, lzcnt, tsc, tscinvbit, avx, avx2, aes, erms, clmul, bmi1, bmi2, adx, sha, fma, vzeroupper, clflush, clflushopt, clwb, hv, serialize, rdtscp, rdpid, fsrm, f16c, cet_ibt, cet_ss
Processor Information for processor 0
  Max Mhz: 1600, Current Mhz: 1600, Mhz Limit: 1600
Processor Information for processor 1
  Max Mhz: 1600, Current Mhz: 1600, Mhz Limit: 1600
Processor Information for processor 2
  Max Mhz: 1600, Current Mhz: 1600, Mhz Limit: 1600
Processor Information for processor 3
  Max Mhz: 1600, Current Mhz: 1600, Mhz Limit: 1600
Processor Information for processor 4
  Max Mhz: 1600, Current Mhz: 1600, Mhz Limit: 1600
Processor Information for processor 5
  Max Mhz: 1600, Current Mhz: 1600, Mhz Limit: 1600
Processor Information for processor 6
  Max Mhz: 1600, Current Mhz: 1600, Mhz Limit: 1600
Processor Information for processor 7
  Max Mhz: 1600, Current Mhz: 1600, Mhz Limit: 1600
Processor Information for processor 8
  Max Mhz: 1600, Current Mhz: 1600, Mhz Limit: 1600
Processor Information for processor 9
  Max Mhz: 1600, Current Mhz: 1466, Mhz Limit: 1600
Processor Information for processor 10
  Max Mhz: 1600, Current Mhz: 1466, Mhz Limit: 1600
Processor Information for processor 11
  Max Mhz: 1600, Current Mhz: 1600, Mhz Limit: 1600

Memory: 4k page, system-wide physical 16068M (910M free)
TotalPageFile size 41588M (AvailPageFile size 72M)
current process WorkingSet (physical memory assigned to process): 12M, peak: 12M
current process commit charge ("private bytes"): 64M, peak: 316M

vm_info: OpenJDK 64-Bit Server VM (21.0.6+-13355223-b631.42) for windows-amd64 JRE (21.0.6+-13355223-b631.42), built on 2025-04-14T18:21:23Z by "builder" with MS VC++ 16.10 / 16.11 (VS2019)

END.
