#
# There is insufficient memory for the Java Runtime Environment to continue.
# Native memory allocation (malloc) failed to allocate 2251584 bytes. Error detail: Chunk::new
# Possible reasons:
#   The system is out of physical RAM or swap space
#   This process is running with CompressedOops enabled, and the Java Heap may be blocking the growth of the native heap
# Possible solutions:
#   Reduce memory load on the system
#   Increase physical memory or swap space
#   Check if swap backing store is full
#   Decrease Java heap size (-Xmx/-Xms)
#   Decrease number of Java threads
#   Decrease Java thread stack sizes (-Xss)
#   Set larger code cache with -XX:ReservedCodeCacheSize=
#   JVM is running with Zero Based Compressed Oops mode in which the Java heap is
#     placed in the first 32GB address space. The Java Heap base address is the
#     maximum limit for the native heap growth. Please use -XX:HeapBaseMinAddress
#     to set the Java Heap base and to place the Java Heap above 32GB virtual address.
# This output file may be truncated or incomplete.
#
#  Out of Memory Error (arena.cpp:168), pid=14352, tid=25656
#
# JRE version: OpenJDK Runtime Environment (21.0.6) (build 21.0.6+-13355223-b631.42)
# Java VM: OpenJDK 64-Bit Server VM (21.0.6+-13355223-b631.42, mixed mode, tiered, compressed oops, compressed class ptrs, g1 gc, windows-amd64)
# No core dump will be written. Minidumps are not enabled by default on client versions of Windows
#

---------------  S U M M A R Y ------------

Command Line: org.jetbrains.kotlin.cli.jvm.K2JVMCompiler @D:\TrainingVM\Files\FocusApp\android\app\build\20250626_15986156367416776851.compiler.options

Host: 13th Gen Intel(R) Core(TM) i5-1345U, 12 cores, 15G,  Windows 11 , 64 bit Build 26100 (10.0.26100.3912)
Time: Thu Jun 26 11:25:13 2025 India Standard Time elapsed time: 12.965697 seconds (0d 0h 0m 12s)

---------------  T H R E A D  ---------------

Current thread (0x0000017d7d804750):  JavaThread "C2 CompilerThread1" daemon [_thread_in_native, id=25656, stack(0x00000050a8200000,0x00000050a8300000) (1024K)]


Current CompileTask:
C2:12966 4725       4       org.jetbrains.org.objectweb.asm.ClassReader::readMethod (1093 bytes)

Stack: [0x00000050a8200000,0x00000050a8300000]
Native frames: (J=compiled Java code, j=interpreted, Vv=VM code, C=native code)
V  [jvm.dll+0x6d05a9]
V  [jvm.dll+0x85ea73]
V  [jvm.dll+0x860fce]
V  [jvm.dll+0x8616b3]
V  [jvm.dll+0x27e6e6]
V  [jvm.dll+0xbff6d]
V  [jvm.dll+0xc04a3]
V  [jvm.dll+0x3b616b]
V  [jvm.dll+0x382097]
V  [jvm.dll+0x38150a]
V  [jvm.dll+0x247c82]
V  [jvm.dll+0x247251]
V  [jvm.dll+0x1c5f04]
V  [jvm.dll+0x2569ac]
V  [jvm.dll+0x254ef6]
V  [jvm.dll+0x3f0e56]
V  [jvm.dll+0x806e48]
V  [jvm.dll+0x6cee7d]
C  [ucrtbase.dll+0x37b0]
C  [KERNEL32.DLL+0x2e8d7]
C  [ntdll.dll+0x9c5dc]


---------------  P R O C E S S  ---------------

Threads class SMR info:
_java_thread_list=0x0000017d773d39d0, length=13, elements={
0x0000017d5afa6b50, 0x0000017d7776bd40, 0x0000017d7776d8a0, 0x0000017d77794ea0,
0x0000017d777958f0, 0x0000017d77790ee0, 0x0000017d7779df60, 0x0000017d77791930,
0x0000017d777923c0, 0x0000017d77928150, 0x0000017d7793b440, 0x0000017d7d804750,
0x0000017d7d674490
}

Java Threads: ( => current thread )
  0x0000017d5afa6b50 JavaThread "main"                              [_thread_in_vm, id=8404, stack(0x00000050a6500000,0x00000050a6600000) (1024K)]
  0x0000017d7776bd40 JavaThread "Reference Handler"          daemon [_thread_blocked, id=16380, stack(0x00000050a6d00000,0x00000050a6e00000) (1024K)]
  0x0000017d7776d8a0 JavaThread "Finalizer"                  daemon [_thread_blocked, id=3792, stack(0x00000050a6e00000,0x00000050a6f00000) (1024K)]
  0x0000017d77794ea0 JavaThread "Signal Dispatcher"          daemon [_thread_blocked, id=23936, stack(0x00000050a6f00000,0x00000050a7000000) (1024K)]
  0x0000017d777958f0 JavaThread "Attach Listener"            daemon [_thread_blocked, id=15860, stack(0x00000050a7000000,0x00000050a7100000) (1024K)]
  0x0000017d77790ee0 JavaThread "Service Thread"             daemon [_thread_blocked, id=19948, stack(0x00000050a7100000,0x00000050a7200000) (1024K)]
  0x0000017d7779df60 JavaThread "Monitor Deflation Thread"   daemon [_thread_blocked, id=27600, stack(0x00000050a7200000,0x00000050a7300000) (1024K)]
  0x0000017d77791930 JavaThread "C2 CompilerThread0"         daemon [_thread_in_native, id=25072, stack(0x00000050a7300000,0x00000050a7400000) (1024K)]
  0x0000017d777923c0 JavaThread "C1 CompilerThread0"         daemon [_thread_blocked, id=12532, stack(0x00000050a7400000,0x00000050a7500000) (1024K)]
  0x0000017d77928150 JavaThread "Notification Thread"        daemon [_thread_blocked, id=11344, stack(0x00000050a7500000,0x00000050a7600000) (1024K)]
  0x0000017d7793b440 JavaThread "Common-Cleaner"             daemon [_thread_blocked, id=21836, stack(0x00000050a7600000,0x00000050a7700000) (1024K)]
=>0x0000017d7d804750 JavaThread "C2 CompilerThread1"         daemon [_thread_in_native, id=25656, stack(0x00000050a8200000,0x00000050a8300000) (1024K)]
  0x0000017d7d674490 JavaThread "C2 CompilerThread2"         daemon [_thread_in_native, id=26876, stack(0x00000050a8300000,0x00000050a8400000) (1024K)]
Total: 13

Other Threads:
  0x0000017d5af7eb00 VMThread "VM Thread"                           [id=18820, stack(0x00000050a6c00000,0x00000050a6d00000) (1024K)]
  0x0000017d7754a420 WatcherThread "VM Periodic Task Thread"        [id=22788, stack(0x00000050a6b00000,0x00000050a6c00000) (1024K)]
  0x0000017d5af80460 WorkerThread "GC Thread#0"                     [id=11408, stack(0x00000050a6600000,0x00000050a6700000) (1024K)]
  0x0000017d7c4b5fe0 WorkerThread "GC Thread#1"                     [id=2712, stack(0x00000050a7700000,0x00000050a7800000) (1024K)]
  0x0000017d7c4b6e60 WorkerThread "GC Thread#2"                     [id=3768, stack(0x00000050a7800000,0x00000050a7900000) (1024K)]
  0x0000017d7c4b42e0 WorkerThread "GC Thread#3"                     [id=19068, stack(0x00000050a7900000,0x00000050a7a00000) (1024K)]
  0x0000017d7c4b4680 WorkerThread "GC Thread#4"                     [id=7636, stack(0x00000050a7a00000,0x00000050a7b00000) (1024K)]
  0x0000017d7c4b6380 WorkerThread "GC Thread#5"                     [id=28336, stack(0x00000050a7b00000,0x00000050a7c00000) (1024K)]
  0x0000017d7c4b75a0 WorkerThread "GC Thread#6"                     [id=12352, stack(0x00000050a7c00000,0x00000050a7d00000) (1024K)]
  0x0000017d7c4b5500 WorkerThread "GC Thread#7"                     [id=5856, stack(0x00000050a7d00000,0x00000050a7e00000) (1024K)]
  0x0000017d7c4b58a0 WorkerThread "GC Thread#8"                     [id=15684, stack(0x00000050a7e00000,0x00000050a7f00000) (1024K)]
  0x0000017d7c4b4a20 WorkerThread "GC Thread#9"                     [id=19960, stack(0x00000050a8100000,0x00000050a8200000) (1024K)]
  0x0000017d5d460a10 ConcurrentGCThread "G1 Main Marker"            [id=27428, stack(0x00000050a6700000,0x00000050a6800000) (1024K)]
  0x0000017d5af7f5e0 WorkerThread "G1 Conc#0"                       [id=19184, stack(0x00000050a6800000,0x00000050a6900000) (1024K)]
  0x0000017d7c4b4dc0 WorkerThread "G1 Conc#1"                       [id=15228, stack(0x00000050a7f00000,0x00000050a8000000) (1024K)]
  0x0000017d7c4b7200 WorkerThread "G1 Conc#2"                       [id=21580, stack(0x00000050a8000000,0x00000050a8100000) (1024K)]
  0x0000017d5d4ae9b0 ConcurrentGCThread "G1 Refine#0"               [id=11360, stack(0x00000050a6900000,0x00000050a6a00000) (1024K)]
  0x0000017d7741c740 ConcurrentGCThread "G1 Service"                [id=15660, stack(0x00000050a6a00000,0x00000050a6b00000) (1024K)]
Total: 18

Threads with active compile tasks:
C2 CompilerThread0  14018 4718   !   4       jdk.internal.loader.BuiltinClassLoader::loadClassOrNull (143 bytes)
C2 CompilerThread1  14018 4725       4       org.jetbrains.org.objectweb.asm.ClassReader::readMethod (1093 bytes)
C2 CompilerThread2  14018 4824       4       org.jetbrains.kotlin.load.java.structure.impl.classFiles.BinaryClassSignatureParser::parseParameterizedClassRefSignature (257 bytes)
Total: 3

VM state: not at safepoint (normal execution)

VM Mutex/Monitor currently owned by a thread:  ([mutex/lock_event])
[0x00007ffd18c8c1a0] Metaspace_lock - owner thread: 0x0000017d5afa6b50

Heap address: 0x0000000704e00000, size: 4018 MB, Compressed Oops mode: Zero based, Oop shift amount: 3

CDS archive(s) not mapped
Compressed class space mapped at: 0x0000000800000000-0x0000000840000000, reserved size: 1073741824
Narrow klass base: 0x0000000800000000, Narrow klass shift: 0, Narrow klass range: 0x40000000

GC Precious Log:
 CardTable entry size: 512
 Card Set container configuration: InlinePtr #cards 4 size 8 Array Of Cards #cards 16 size 48 Howl #buckets 8 coarsen threshold 3686 Howl Bitmap #cards 512 size 80 coarsen threshold 460 Card regions per heap region 1 cards per card region 4096
 CPUs: 12 total, 12 available
 Memory: 16068M
 Large Page Support: Disabled
 NUMA Support: Disabled
 Compressed Oops: Enabled (Zero based)
 Heap Region Size: 2M
 Heap Min Capacity: 8M
 Heap Initial Capacity: 252M
 Heap Max Capacity: 4018M
 Pre-touch: Disabled
 Parallel Workers: 10
 Concurrent Workers: 3
 Concurrent Refinement Workers: 10
 Periodic GC: Disabled

Heap:
 garbage-first heap   total 81920K, used 51200K [0x0000000704e00000, 0x0000000800000000)
  region size 2048K, 6 young (12288K), 2 survivors (4096K)
 Metaspace       used 55476K, committed 55744K, reserved 1114112K
  class space    used 6274K, committed 6400K, reserved 1048576K

Heap Regions: E=young(eden), S=young(survivor), O=old, HS=humongous(starts), HC=humongous(continues), CS=collection set, F=free, TAMS=top-at-mark-start, PB=parsable bottom
|   0|0x0000000704e00000, 0x0000000705000000, 0x0000000705000000|100%|HS|  |TAMS 0x0000000704e00000| PB 0x0000000704e00000| Complete 
|   1|0x0000000705000000, 0x0000000705200000, 0x0000000705200000|100%|HC|  |TAMS 0x0000000705000000| PB 0x0000000705000000| Complete 
|   2|0x0000000705200000, 0x0000000705400000, 0x0000000705400000|100%| O|  |TAMS 0x0000000705200000| PB 0x0000000705200000| Untracked 
|   3|0x0000000705400000, 0x0000000705600000, 0x0000000705600000|100%| O|  |TAMS 0x0000000705400000| PB 0x0000000705400000| Untracked 
|   4|0x0000000705600000, 0x0000000705800000, 0x0000000705800000|100%| O|  |TAMS 0x0000000705600000| PB 0x0000000705600000| Untracked 
|   5|0x0000000705800000, 0x0000000705a00000, 0x0000000705a00000|100%| O|  |TAMS 0x0000000705800000| PB 0x0000000705800000| Untracked 
|   6|0x0000000705a00000, 0x0000000705c00000, 0x0000000705c00000|100%| O|  |TAMS 0x0000000705a00000| PB 0x0000000705a00000| Untracked 
|   7|0x0000000705c00000, 0x0000000705e00000, 0x0000000705e00000|100%| O|  |TAMS 0x0000000705c00000| PB 0x0000000705c00000| Untracked 
|   8|0x0000000705e00000, 0x0000000706000000, 0x0000000706000000|100%| O|  |TAMS 0x0000000705e00000| PB 0x0000000705e00000| Untracked 
|   9|0x0000000706000000, 0x0000000706200000, 0x0000000706200000|100%| O|  |TAMS 0x0000000706000000| PB 0x0000000706000000| Untracked 
|  10|0x0000000706200000, 0x0000000706400000, 0x0000000706400000|100%| O|  |TAMS 0x0000000706200000| PB 0x0000000706200000| Untracked 
|  11|0x0000000706400000, 0x0000000706600000, 0x0000000706600000|100%| O|  |TAMS 0x0000000706400000| PB 0x0000000706400000| Untracked 
|  12|0x0000000706600000, 0x0000000706800000, 0x0000000706800000|100%| O|  |TAMS 0x0000000706600000| PB 0x0000000706600000| Untracked 
|  13|0x0000000706800000, 0x0000000706a00000, 0x0000000706a00000|100%| O|  |TAMS 0x0000000706800000| PB 0x0000000706800000| Untracked 
|  14|0x0000000706a00000, 0x0000000706c00000, 0x0000000706c00000|100%| O|  |TAMS 0x0000000706a00000| PB 0x0000000706a00000| Untracked 
|  15|0x0000000706c00000, 0x0000000706e00000, 0x0000000706e00000|100%| O|  |TAMS 0x0000000706c00000| PB 0x0000000706c00000| Untracked 
|  16|0x0000000706e00000, 0x0000000707000000, 0x0000000707000000|100%| O|  |TAMS 0x0000000706e00000| PB 0x0000000706e00000| Untracked 
|  17|0x0000000707000000, 0x0000000707200000, 0x0000000707200000|100%| O|  |TAMS 0x0000000707000000| PB 0x0000000707000000| Untracked 
|  18|0x0000000707200000, 0x0000000707400000, 0x0000000707400000|100%| O|  |TAMS 0x0000000707200000| PB 0x0000000707200000| Untracked 
|  19|0x0000000707400000, 0x0000000707400000, 0x0000000707600000|  0%| F|  |TAMS 0x0000000707400000| PB 0x0000000707400000| Untracked 
|  20|0x0000000707600000, 0x0000000707600000, 0x0000000707800000|  0%| F|  |TAMS 0x0000000707600000| PB 0x0000000707600000| Untracked 
|  21|0x0000000707800000, 0x0000000707800000, 0x0000000707a00000|  0%| F|  |TAMS 0x0000000707800000| PB 0x0000000707800000| Untracked 
|  22|0x0000000707a00000, 0x0000000707a00000, 0x0000000707c00000|  0%| F|  |TAMS 0x0000000707a00000| PB 0x0000000707a00000| Untracked 
|  23|0x0000000707c00000, 0x0000000707c00000, 0x0000000707e00000|  0%| F|  |TAMS 0x0000000707c00000| PB 0x0000000707c00000| Untracked 
|  24|0x0000000707e00000, 0x0000000707e00000, 0x0000000708000000|  0%| F|  |TAMS 0x0000000707e00000| PB 0x0000000707e00000| Untracked 
|  25|0x0000000708000000, 0x0000000708200000, 0x0000000708200000|100%| S|CS|TAMS 0x0000000708000000| PB 0x0000000708000000| Complete 
|  26|0x0000000708200000, 0x0000000708400000, 0x0000000708400000|100%| S|CS|TAMS 0x0000000708200000| PB 0x0000000708200000| Complete 
|  27|0x0000000708400000, 0x0000000708400000, 0x0000000708600000|  0%| F|  |TAMS 0x0000000708400000| PB 0x0000000708400000| Untracked 
|  28|0x0000000708600000, 0x0000000708600000, 0x0000000708800000|  0%| F|  |TAMS 0x0000000708600000| PB 0x0000000708600000| Untracked 
|  29|0x0000000708800000, 0x0000000708800000, 0x0000000708a00000|  0%| F|  |TAMS 0x0000000708800000| PB 0x0000000708800000| Untracked 
|  30|0x0000000708a00000, 0x0000000708a00000, 0x0000000708c00000|  0%| F|  |TAMS 0x0000000708a00000| PB 0x0000000708a00000| Untracked 
|  31|0x0000000708c00000, 0x0000000708c00000, 0x0000000708e00000|  0%| F|  |TAMS 0x0000000708c00000| PB 0x0000000708c00000| Untracked 
|  32|0x0000000708e00000, 0x0000000708e00000, 0x0000000709000000|  0%| F|  |TAMS 0x0000000708e00000| PB 0x0000000708e00000| Untracked 
|  33|0x0000000709000000, 0x0000000709000000, 0x0000000709200000|  0%| F|  |TAMS 0x0000000709000000| PB 0x0000000709000000| Untracked 
|  34|0x0000000709200000, 0x00000007092faad8, 0x0000000709400000| 48%| E|  |TAMS 0x0000000709200000| PB 0x0000000709200000| Complete 
|  35|0x0000000709400000, 0x0000000709600000, 0x0000000709600000|100%| E|CS|TAMS 0x0000000709400000| PB 0x0000000709400000| Complete 
|  36|0x0000000709600000, 0x0000000709800000, 0x0000000709800000|100%| E|CS|TAMS 0x0000000709600000| PB 0x0000000709600000| Complete 
| 125|0x0000000714800000, 0x0000000714a00000, 0x0000000714a00000|100%| E|  |TAMS 0x0000000714800000| PB 0x0000000714800000| Complete 
|2007|0x00000007ffc00000, 0x00000007ffe00000, 0x00000007ffe00000|100%| O|  |TAMS 0x00000007ffc00000| PB 0x00000007ffc00000| Untracked 
|2008|0x00000007ffe00000, 0x0000000800000000, 0x0000000800000000|100%| O|  |TAMS 0x00000007ffe00000| PB 0x00000007ffe00000| Untracked 

Card table byte_map: [0x0000017d70270000,0x0000017d70a50000] _byte_map_base: 0x0000017d6ca49000

Marking Bits: (CMBitMap*) 0x0000017d5d450620
 Bits: [0x0000017d70a50000, 0x0000017d74918000)

Polling page: 0x0000017d5af50000

Metaspace:

Usage:
  Non-class:     48.05 MB used.
      Class:      6.13 MB used.
       Both:     54.18 MB used.

Virtual space:
  Non-class space:       64.00 MB reserved,      48.19 MB ( 75%) committed,  1 nodes.
      Class space:        1.00 GB reserved,       6.25 MB ( <1%) committed,  1 nodes.
             Both:        1.06 GB reserved,      54.44 MB (  5%) committed. 

Chunk freelists:
   Non-Class:  15.23 MB
       Class:  9.69 MB
        Both:  24.92 MB

MaxMetaspaceSize: unlimited
CompressedClassSpaceSize: 1.00 GB
Initial GC threshold: 21.00 MB
Current GC threshold: 58.75 MB
CDS: off
 - commit_granule_bytes: 65536.
 - commit_granule_words: 8192.
 - virtual_space_node_default_size: 8388608.
 - enlarge_chunks_in_place: 1.
 - use_allocation_guard: 0.


Internal statistics:

num_allocs_failed_limit: 6.
num_arena_births: 294.
num_arena_deaths: 0.
num_vsnodes_births: 2.
num_vsnodes_deaths: 0.
num_space_committed: 870.
num_space_uncommitted: 0.
num_chunks_returned_to_freelist: 6.
num_chunks_taken_from_freelist: 1967.
num_chunk_merges: 6.
num_chunk_splits: 1600.
num_chunks_enlarged: 1448.
num_inconsistent_stats: 0.

CodeHeap 'non-profiled nmethods': size=120000Kb used=2531Kb max_used=2531Kb free=117468Kb
 bounds [0x0000017d68010000, 0x0000017d68290000, 0x0000017d6f540000]
CodeHeap 'profiled nmethods': size=120000Kb used=11598Kb max_used=11598Kb free=108401Kb
 bounds [0x0000017d60540000, 0x0000017d610a0000, 0x0000017d67a70000]
CodeHeap 'non-nmethods': size=5760Kb used=1628Kb max_used=1675Kb free=4131Kb
 bounds [0x0000017d67a70000, 0x0000017d67ce0000, 0x0000017d68010000]
 total_blobs=5513 nmethods=4832 adapters=585
 compilation: enabled
              stopped_count=0, restarted_count=0
 full_count=0

Compilation events (20 events):
Event: 11.923 Thread 0x0000017d777923c0 4950       3       org.jetbrains.kotlin.com.intellij.psi.impl.source.tree.LeafPsiElement::<init> (23 bytes)
Event: 11.924 Thread 0x0000017d777923c0 nmethod 4950 0x0000017d61082c90 code [0x0000017d61082ec0, 0x0000017d61083598]
Event: 11.926 Thread 0x0000017d777923c0 4951       3       org.jetbrains.kotlin.com.intellij.psi.impl.source.tree.CompositeElement::setPsi (33 bytes)
Event: 11.927 Thread 0x0000017d777923c0 nmethod 4951 0x0000017d61083810 code [0x0000017d61083a80, 0x0000017d61084360]
Event: 11.927 Thread 0x0000017d777923c0 4952       3       org.jetbrains.kotlin.com.intellij.lang.ASTFactory::leaf (100 bytes)
Event: 11.928 Thread 0x0000017d777923c0 nmethod 4952 0x0000017d61084610 code [0x0000017d61084940, 0x0000017d61085c20]
Event: 11.928 Thread 0x0000017d777923c0 4958       3       org.jetbrains.kotlin.com.intellij.psi.impl.source.tree.CompositeElement::drillDown (46 bytes)
Event: 11.928 Thread 0x0000017d777923c0 nmethod 4958 0x0000017d61086110 code [0x0000017d61086300, 0x0000017d61086738]
Event: 11.929 Thread 0x0000017d777923c0 4959       3       org.jetbrains.kotlin.com.intellij.psi.impl.source.tree.LeafElement::getTextLength (10 bytes)
Event: 11.929 Thread 0x0000017d777923c0 nmethod 4959 0x0000017d61086890 code [0x0000017d61086a40, 0x0000017d61086c20]
Event: 11.929 Thread 0x0000017d777923c0 4954       3       org.jetbrains.kotlin.com.intellij.lang.impl.PsiBuilderImpl::createComposite (112 bytes)
Event: 11.930 Thread 0x0000017d777923c0 nmethod 4954 0x0000017d61086d10 code [0x0000017d61086fa0, 0x0000017d61087968]
Event: 11.930 Thread 0x0000017d777923c0 4955       3       org.jetbrains.kotlin.com.intellij.lang.ASTFactory::composite (72 bytes)
Event: 11.931 Thread 0x0000017d777923c0 nmethod 4955 0x0000017d61087d10 code [0x0000017d61088060, 0x0000017d61089550]
Event: 11.931 Thread 0x0000017d777923c0 4953       3       org.jetbrains.kotlin.com.intellij.psi.impl.source.BasicJavaElementType$JavaCompositeElementType::createCompositeNode (22 bytes)
Event: 11.932 Thread 0x0000017d777923c0 nmethod 4953 0x0000017d61089a90 code [0x0000017d61089c60, 0x0000017d61089fc0]
Event: 11.932 Thread 0x0000017d777923c0 4956       3       org.jetbrains.kotlin.com.intellij.util.keyFMap.ArrayBackedFMap::get (33 bytes)
Event: 11.932 Thread 0x0000017d777923c0 nmethod 4956 0x0000017d6108a090 code [0x0000017d6108a260, 0x0000017d6108a4f0]
Event: 11.932 Thread 0x0000017d777923c0 4957       3       org.jetbrains.kotlin.com.intellij.psi.tree.IElementType::getLanguage (14 bytes)
Event: 11.932 Thread 0x0000017d777923c0 nmethod 4957 0x0000017d6108a610 code [0x0000017d6108a7c0, 0x0000017d6108a940]

GC Heap History (20 events):
Event: 2.763 GC heap before
{Heap before GC invocations=1 (full 0):
 garbage-first heap   total 258048K, used 29578K [0x0000000704e00000, 0x0000000800000000)
  region size 2048K, 14 young (28672K), 2 survivors (4096K)
 Metaspace       used 21341K, committed 21504K, reserved 1114112K
  class space    used 2142K, committed 2240K, reserved 1048576K
}
Event: 2.769 GC heap after
{Heap after GC invocations=2 (full 0):
 garbage-first heap   total 258048K, used 7939K [0x0000000704e00000, 0x0000000800000000)
  region size 2048K, 2 young (4096K), 2 survivors (4096K)
 Metaspace       used 21341K, committed 21504K, reserved 1114112K
  class space    used 2142K, committed 2240K, reserved 1048576K
}
Event: 3.829 GC heap before
{Heap before GC invocations=3 (full 0):
 garbage-first heap   total 28672K, used 28419K [0x0000000704e00000, 0x0000000800000000)
  region size 2048K, 12 young (24576K), 2 survivors (4096K)
 Metaspace       used 24041K, committed 24256K, reserved 1114112K
  class space    used 2458K, committed 2560K, reserved 1048576K
}
Event: 3.841 GC heap after
{Heap after GC invocations=4 (full 0):
 garbage-first heap   total 38912K, used 14326K [0x0000000704e00000, 0x0000000800000000)
  region size 2048K, 5 young (10240K), 5 survivors (10240K)
 Metaspace       used 24041K, committed 24256K, reserved 1114112K
  class space    used 2458K, committed 2560K, reserved 1048576K
}
Event: 4.371 GC heap before
{Heap before GC invocations=4 (full 0):
 garbage-first heap   total 38912K, used 26614K [0x0000000704e00000, 0x0000000800000000)
  region size 2048K, 11 young (22528K), 5 survivors (10240K)
 Metaspace       used 27424K, committed 27648K, reserved 1114112K
  class space    used 2960K, committed 3072K, reserved 1048576K
}
Event: 4.383 GC heap after
{Heap after GC invocations=5 (full 0):
 garbage-first heap   total 38912K, used 15414K [0x0000000704e00000, 0x0000000800000000)
  region size 2048K, 1 young (2048K), 1 survivors (2048K)
 Metaspace       used 27424K, committed 27648K, reserved 1114112K
  class space    used 2960K, committed 3072K, reserved 1048576K
}
Event: 5.057 GC heap before
{Heap before GC invocations=5 (full 0):
 garbage-first heap   total 38912K, used 29750K [0x0000000704e00000, 0x0000000800000000)
  region size 2048K, 8 young (16384K), 1 survivors (2048K)
 Metaspace       used 30784K, committed 31040K, reserved 1114112K
  class space    used 3665K, committed 3776K, reserved 1048576K
}
Event: 5.064 GC heap after
{Heap after GC invocations=6 (full 0):
 garbage-first heap   total 38912K, used 17031K [0x0000000704e00000, 0x0000000800000000)
  region size 2048K, 1 young (2048K), 1 survivors (2048K)
 Metaspace       used 30784K, committed 31040K, reserved 1114112K
  class space    used 3665K, committed 3776K, reserved 1048576K
}
Event: 5.468 GC heap before
{Heap before GC invocations=6 (full 0):
 garbage-first heap   total 38912K, used 27271K [0x0000000704e00000, 0x0000000800000000)
  region size 2048K, 7 young (14336K), 1 survivors (2048K)
 Metaspace       used 33394K, committed 33600K, reserved 1114112K
  class space    used 3925K, committed 4032K, reserved 1048576K
}
Event: 5.474 GC heap after
{Heap after GC invocations=7 (full 0):
 garbage-first heap   total 38912K, used 17462K [0x0000000704e00000, 0x0000000800000000)
  region size 2048K, 1 young (2048K), 1 survivors (2048K)
 Metaspace       used 33394K, committed 33600K, reserved 1114112K
  class space    used 3925K, committed 4032K, reserved 1048576K
}
Event: 5.835 GC heap before
{Heap before GC invocations=7 (full 0):
 garbage-first heap   total 38912K, used 23606K [0x0000000704e00000, 0x0000000800000000)
  region size 2048K, 6 young (12288K), 1 survivors (2048K)
 Metaspace       used 35749K, committed 35968K, reserved 1114112K
  class space    used 4160K, committed 4288K, reserved 1048576K
}
Event: 5.840 GC heap after
{Heap after GC invocations=8 (full 0):
 garbage-first heap   total 149504K, used 18430K [0x0000000704e00000, 0x0000000800000000)
  region size 2048K, 1 young (2048K), 1 survivors (2048K)
 Metaspace       used 35749K, committed 35968K, reserved 1114112K
  class space    used 4160K, committed 4288K, reserved 1048576K
}
Event: 8.076 GC heap before
{Heap before GC invocations=9 (full 0):
 garbage-first heap   total 69632K, used 65534K [0x0000000704e00000, 0x0000000800000000)
  region size 2048K, 25 young (51200K), 1 survivors (2048K)
 Metaspace       used 44573K, committed 44864K, reserved 1114112K
  class space    used 5075K, committed 5184K, reserved 1048576K
}
Event: 8.097 GC heap after
{Heap after GC invocations=10 (full 0):
 garbage-first heap   total 77824K, used 25239K [0x0000000704e00000, 0x0000000800000000)
  region size 2048K, 4 young (8192K), 4 survivors (8192K)
 Metaspace       used 44573K, committed 44864K, reserved 1114112K
  class space    used 5075K, committed 5184K, reserved 1048576K
}
Event: 9.397 GC heap before
{Heap before GC invocations=10 (full 0):
 garbage-first heap   total 77824K, used 62103K [0x0000000704e00000, 0x0000000800000000)
  region size 2048K, 22 young (45056K), 4 survivors (8192K)
 Metaspace       used 48345K, committed 48576K, reserved 1114112K
  class space    used 5463K, committed 5568K, reserved 1048576K
}
Event: 9.426 GC heap after
{Heap after GC invocations=11 (full 0):
 garbage-first heap   total 81920K, used 34230K [0x0000000704e00000, 0x0000000800000000)
  region size 2048K, 3 young (6144K), 3 survivors (6144K)
 Metaspace       used 48345K, committed 48576K, reserved 1114112K
  class space    used 5463K, committed 5568K, reserved 1048576K
}
Event: 10.577 GC heap before
{Heap before GC invocations=11 (full 0):
 garbage-first heap   total 81920K, used 62902K [0x0000000704e00000, 0x0000000800000000)
  region size 2048K, 17 young (34816K), 3 survivors (6144K)
 Metaspace       used 50959K, committed 51264K, reserved 1114112K
  class space    used 5757K, committed 5888K, reserved 1048576K
}
Event: 10.597 GC heap after
{Heap after GC invocations=12 (full 0):
 garbage-first heap   total 81920K, used 42394K [0x0000000704e00000, 0x0000000800000000)
  region size 2048K, 3 young (6144K), 3 survivors (6144K)
 Metaspace       used 50959K, committed 51264K, reserved 1114112K
  class space    used 5757K, committed 5888K, reserved 1048576K
}
Event: 11.347 GC heap before
{Heap before GC invocations=12 (full 0):
 garbage-first heap   total 81920K, used 64922K [0x0000000704e00000, 0x0000000800000000)
  region size 2048K, 14 young (28672K), 3 survivors (6144K)
 Metaspace       used 53845K, committed 54144K, reserved 1114112K
  class space    used 6083K, committed 6208K, reserved 1048576K
}
Event: 11.371 GC heap after
{Heap after GC invocations=13 (full 0):
 garbage-first heap   total 81920K, used 47104K [0x0000000704e00000, 0x0000000800000000)
  region size 2048K, 2 young (4096K), 2 survivors (4096K)
 Metaspace       used 53845K, committed 54144K, reserved 1114112K
  class space    used 6083K, committed 6208K, reserved 1048576K
}

Dll operation events (3 events):
Event: 0.010 Loaded shared library C:\Program Files\Android\Android Studio\jbr\bin\java.dll
Event: 0.017 Loaded shared library C:\Program Files\Android\Android Studio\jbr\bin\zip.dll
Event: 3.333 Loaded shared library C:\Program Files\Android\Android Studio\jbr\bin\verify.dll

Deoptimization events (20 events):
Event: 11.898 Thread 0x0000017d5afa6b50 Uncommon trap: trap_request=0xffffffde fr.pc=0x0000017d68267c2c relative=0x00000000000002ac
Event: 11.898 Thread 0x0000017d5afa6b50 Uncommon trap: reason=class_check action=maybe_recompile pc=0x0000017d68267c2c method=org.jetbrains.kotlin.com.intellij.util.text.ImmutableText.charAt(I)C @ 46 c2
Event: 11.898 Thread 0x0000017d5afa6b50 DEOPT PACKING pc=0x0000017d68267c2c sp=0x00000050a65f7aa0
Event: 11.898 Thread 0x0000017d5afa6b50 DEOPT UNPACKING pc=0x0000017d67ac46a2 sp=0x00000050a65f7928 mode 2
Event: 11.898 Thread 0x0000017d5afa6b50 Uncommon trap: trap_request=0xffffffde fr.pc=0x0000017d682685dc relative=0x00000000000001fc
Event: 11.898 Thread 0x0000017d5afa6b50 Uncommon trap: reason=class_check action=maybe_recompile pc=0x0000017d682685dc method=org.jetbrains.kotlin.com.intellij.util.text.ImmutableText.charAt(I)C @ 46 c2
Event: 11.898 Thread 0x0000017d5afa6b50 DEOPT PACKING pc=0x0000017d682685dc sp=0x00000050a65f79b0
Event: 11.898 Thread 0x0000017d5afa6b50 DEOPT UNPACKING pc=0x0000017d67ac46a2 sp=0x00000050a65f78e8 mode 2
Event: 11.898 Thread 0x0000017d5afa6b50 Uncommon trap: trap_request=0xffffffde fr.pc=0x0000017d68267c2c relative=0x00000000000002ac
Event: 11.898 Thread 0x0000017d5afa6b50 Uncommon trap: reason=class_check action=maybe_recompile pc=0x0000017d68267c2c method=org.jetbrains.kotlin.com.intellij.util.text.ImmutableText.charAt(I)C @ 46 c2
Event: 11.898 Thread 0x0000017d5afa6b50 DEOPT PACKING pc=0x0000017d68267c2c sp=0x00000050a65f7aa0
Event: 11.898 Thread 0x0000017d5afa6b50 DEOPT UNPACKING pc=0x0000017d67ac46a2 sp=0x00000050a65f7928 mode 2
Event: 11.898 Thread 0x0000017d5afa6b50 Uncommon trap: trap_request=0xffffffde fr.pc=0x0000017d682685dc relative=0x00000000000001fc
Event: 11.898 Thread 0x0000017d5afa6b50 Uncommon trap: reason=class_check action=maybe_recompile pc=0x0000017d682685dc method=org.jetbrains.kotlin.com.intellij.util.text.ImmutableText.charAt(I)C @ 46 c2
Event: 11.898 Thread 0x0000017d5afa6b50 DEOPT PACKING pc=0x0000017d682685dc sp=0x00000050a65f79f0
Event: 11.898 Thread 0x0000017d5afa6b50 DEOPT UNPACKING pc=0x0000017d67ac46a2 sp=0x00000050a65f7928 mode 2
Event: 11.929 Thread 0x0000017d5afa6b50 Uncommon trap: trap_request=0xffffffde fr.pc=0x0000017d680dec48 relative=0x0000000000000dc8
Event: 11.929 Thread 0x0000017d5afa6b50 Uncommon trap: reason=class_check action=maybe_recompile pc=0x0000017d680dec48 method=java.util.concurrent.ConcurrentHashMap.putVal(Ljava/lang/Object;Ljava/lang/Object;Z)Ljava/lang/Object; @ 159 c2
Event: 11.929 Thread 0x0000017d5afa6b50 DEOPT PACKING pc=0x0000017d680dec48 sp=0x00000050a65f8360
Event: 11.929 Thread 0x0000017d5afa6b50 DEOPT UNPACKING pc=0x0000017d67ac46a2 sp=0x00000050a65f82e0 mode 2

Classes loaded (20 events):
Event: 11.256 Loading class java/util/stream/Nodes$EmptyNode$OfLong
Event: 11.256 Loading class java/util/stream/Node$OfLong
Event: 11.256 Loading class java/util/stream/Node$OfLong done
Event: 11.256 Loading class java/util/stream/Nodes$EmptyNode$OfLong done
Event: 11.256 Loading class java/util/stream/Nodes$EmptyNode$OfDouble
Event: 11.256 Loading class java/util/stream/Node$OfDouble
Event: 11.256 Loading class java/util/stream/Node$OfDouble done
Event: 11.256 Loading class java/util/stream/Nodes$EmptyNode$OfDouble done
Event: 11.257 Loading class java/util/stream/Nodes$FixedNodeBuilder
Event: 11.257 Loading class java/util/stream/Node$Builder
Event: 11.257 Loading class java/util/stream/Node$Builder done
Event: 11.257 Loading class java/util/stream/Nodes$ArrayNode
Event: 11.257 Loading class java/util/stream/Nodes$ArrayNode done
Event: 11.257 Loading class java/util/stream/Nodes$FixedNodeBuilder done
Event: 11.257 Loading class java/util/stream/ReferencePipeline$3$1
Event: 11.257 Loading class java/util/stream/Sink$ChainedReference
Event: 11.257 Loading class java/util/stream/Sink$ChainedReference done
Event: 11.257 Loading class java/util/stream/ReferencePipeline$3$1 done
Event: 11.519 Loading class java/util/ComparableTimSort
Event: 11.520 Loading class java/util/ComparableTimSort done

Classes unloaded (0 events):
No events

Classes redefined (0 events):
No events

Internal exceptions (20 events):
Event: 6.781 Thread 0x0000017d5afa6b50 Exception <a 'java/lang/NoSuchMethodError'{0x0000000707fd4848}: 'java.lang.Object java.lang.invoke.DirectMethodHandle$Holder.newInvokeSpecial(java.lang.Object, java.lang.Object, java.lang.Object, int, java.lang.Object)'> (0x0000000707fd4848) 
thrown [s\src\hotspot\share\interpreter\linkResolver.cpp, line 784]
Event: 7.444 Thread 0x0000017d5afa6b50 Exception <a 'java/lang/NoSuchMethodError'{0x000000070751dd70}: 'java.lang.Object java.lang.invoke.DirectMethodHandle$Holder.newInvokeSpecial(java.lang.Object, java.lang.Object, java.lang.Object, java.lang.Object, int)'> (0x000000070751dd70) 
thrown [s\src\hotspot\share\interpreter\linkResolver.cpp, line 784]
Event: 7.444 Thread 0x0000017d5afa6b50 Exception <a 'java/lang/NoSuchMethodError'{0x00000007075221b8}: 'java.lang.Object java.lang.invoke.DirectMethodHandle$Holder.invokeSpecial(java.lang.Object, java.lang.Object, java.lang.Object, java.lang.Object, java.lang.Object, int)'> (0x00000007075221b8) 
thrown [s\src\hotspot\share\interpreter\linkResolver.cpp, line 784]
Event: 7.445 Thread 0x0000017d5afa6b50 Exception <a 'java/lang/NoSuchMethodError'{0x0000000707525ef8}: 'java.lang.Object java.lang.invoke.Invokers$Holder.linkToTargetMethod(java.lang.Object, java.lang.Object, java.lang.Object, int, java.lang.Object)'> (0x0000000707525ef8) 
thrown [s\src\hotspot\share\interpreter\linkResolver.cpp, line 784]
Event: 7.464 Thread 0x0000017d5afa6b50 Implicit null exception at 0x0000017d680bbcbc to 0x0000017d680bbfbc
Event: 7.970 Thread 0x0000017d5afa6b50 Exception <a 'java/lang/NoSuchMethodError'{0x000000070640ae88}: 'java.lang.Object java.lang.invoke.DirectMethodHandle$Holder.newInvokeSpecial(java.lang.Object, java.lang.Object, java.lang.Object, java.lang.Object, java.lang.Object, java.lang.Object)'> (0x000000070640ae88) 
thrown [s\src\hotspot\share\interpreter\linkResolver.cpp, line 784]
Event: 8.746 Thread 0x0000017d5afa6b50 Exception <a 'java/lang/NoSuchMethodError'{0x00000007079cebf0}: 'java.lang.Object java.lang.invoke.DirectMethodHandle$Holder.invokeStaticInit(java.lang.Object, java.lang.Object, java.lang.Object, java.lang.Object)'> (0x00000007079cebf0) 
thrown [s\src\hotspot\share\interpreter\linkResolver.cpp, line 784]
Event: 9.268 Thread 0x0000017d5afa6b50 Exception <a 'java/lang/NoSuchMethodError'{0x0000000707184a98}: 'java.lang.Object java.lang.invoke.DirectMethodHandle$Holder.newInvokeSpecial(java.lang.Object, java.lang.Object, java.lang.Object, java.lang.Object, java.lang.Object, java.lang.Object, java.lang.Object, java.lang.Object, java.lang.Object)'> (0x0000000707184a98) 
thrown [s\src\hotspot\share\interpreter\linkResolver.cpp, line 784]
Event: 9.427 Thread 0x0000017d5afa6b50 Exception <a 'java/lang/NoSuchMethodError'{0x0000000714802aa8}: 'java.lang.Object java.lang.invoke.DirectMethodHandle$Holder.newInvokeSpecial(java.lang.Object, java.lang.Object, java.lang.Object, int)'> (0x0000000714802aa8) 
thrown [s\src\hotspot\share\interpreter\linkResolver.cpp, line 784]
Event: 9.428 Thread 0x0000017d5afa6b50 Exception <a 'java/lang/NoSuchMethodError'{0x0000000714806928}: 'java.lang.Object java.lang.invoke.DirectMethodHandle$Holder.invokeSpecial(java.lang.Object, java.lang.Object, java.lang.Object, java.lang.Object, int)'> (0x0000000714806928) 
thrown [s\src\hotspot\share\interpreter\linkResolver.cpp, line 784]
Event: 9.429 Thread 0x0000017d5afa6b50 Exception <a 'java/lang/NoSuchMethodError'{0x000000071480a080}: 'java.lang.Object java.lang.invoke.Invokers$Holder.linkToTargetMethod(java.lang.Object, java.lang.Object, int, java.lang.Object)'> (0x000000071480a080) 
thrown [s\src\hotspot\share\interpreter\linkResolver.cpp, line 784]
Event: 9.436 Thread 0x0000017d5afa6b50 Exception <a 'java/lang/NoSuchMethodError'{0x00000007148197c8}: 'java.lang.Object java.lang.invoke.DirectMethodHandle$Holder.newInvokeSpecial(java.lang.Object, int, java.lang.Object)'> (0x00000007148197c8) 
thrown [s\src\hotspot\share\interpreter\linkResolver.cpp, line 784]
Event: 9.455 Thread 0x0000017d5afa6b50 Exception <a 'java/lang/NoSuchMethodError'{0x00000007148674e8}: 'java.lang.Object java.lang.invoke.DirectMethodHandle$Holder.newInvokeSpecial(java.lang.Object, java.lang.Object, java.lang.Object, java.lang.Object, int, java.lang.Object, java.lang.Object)'> (0x00000007148674e8) 
thrown [s\src\hotspot\share\interpreter\linkResolver.cpp, line 784]
Event: 9.455 Thread 0x0000017d5afa6b50 Exception <a 'java/lang/NoSuchMethodError'{0x000000071486f6c8}: 'java.lang.Object java.lang.invoke.Invokers$Holder.linkToTargetMethod(java.lang.Object, java.lang.Object, java.lang.Object, int, java.lang.Object, java.lang.Object, java.lang.Object)'> (0x000000071486f6c8) 
thrown [s\src\hotspot\share\interpreter\linkResolver.cpp, line 784]
Event: 9.570 Thread 0x0000017d5afa6b50 Exception <a 'java/lang/NoSuchMethodError'{0x0000000709616818}: 'java.lang.Object java.lang.invoke.DirectMethodHandle$Holder.invokeSpecial(java.lang.Object, java.lang.Object, int, java.lang.Object, java.lang.Object)'> (0x0000000709616818) 
thrown [s\src\hotspot\share\interpreter\linkResolver.cpp, line 784]
Event: 9.627 Thread 0x0000017d5afa6b50 Exception <a 'java/lang/NoSuchMethodError'{0x0000000709747190}: 'java.lang.Object java.lang.invoke.DirectMethodHandle$Holder.invokeStatic(java.lang.Object, int, java.lang.Object, java.lang.Object)'> (0x0000000709747190) 
thrown [s\src\hotspot\share\interpreter\linkResolver.cpp, line 784]
Event: 10.786 Thread 0x0000017d5afa6b50 Exception <a 'java/lang/NoSuchMethodError'{0x0000000708ddb760}: 'java.lang.Object java.lang.invoke.DirectMethodHandle$Holder.invokeStatic(java.lang.Object, java.lang.Object, java.lang.Object, int, java.lang.Object, java.lang.Object)'> (0x0000000708ddb760) 
thrown [s\src\hotspot\share\interpreter\linkResolver.cpp, line 784]
Event: 10.985 Thread 0x0000017d5afa6b50 Exception <a 'java/lang/NoSuchMethodError'{0x00000007088488a0}: 'java.lang.Object java.lang.invoke.Invokers$Holder.invokeExact_MT(java.lang.Object, java.lang.Object, java.lang.Object, java.lang.Object, java.lang.Object, java.lang.Object)'> (0x00000007088488a0) 
thrown [s\src\hotspot\share\interpreter\linkResolver.cpp, line 784]
Event: 11.464 Thread 0x0000017d5afa6b50 Exception <a 'java/lang/NoSuchMethodError'{0x00000007148f0560}: 'java.lang.Object java.lang.invoke.Invokers$Holder.invokeExact_MT(java.lang.Object, java.lang.Object, long, java.lang.Object)'> (0x00000007148f0560) 
thrown [s\src\hotspot\share\interpreter\linkResolver.cpp, line 784]
Event: 11.898 Thread 0x0000017d5afa6b50 Implicit null exception at 0x0000017d68273a7e to 0x0000017d68273bc4

ZGC Phase Switch (0 events):
No events

VM Operations (20 events):
Event: 10.819 Executing VM operation: HandshakeAllThreads (Deoptimize)
Event: 10.819 Executing VM operation: HandshakeAllThreads (Deoptimize) done
Event: 10.928 Executing VM operation: ICBufferFull
Event: 10.928 Executing VM operation: ICBufferFull done
Event: 10.984 Executing VM operation: HandshakeAllThreads (Deoptimize)
Event: 10.984 Executing VM operation: HandshakeAllThreads (Deoptimize) done
Event: 11.026 Executing VM operation: HandshakeAllThreads (Deoptimize)
Event: 11.026 Executing VM operation: HandshakeAllThreads (Deoptimize) done
Event: 11.346 Executing VM operation: G1CollectForAllocation (G1 Evacuation Pause)
Event: 11.371 Executing VM operation: G1CollectForAllocation (G1 Evacuation Pause) done
Event: 11.496 Executing VM operation: HandshakeAllThreads (Deoptimize)
Event: 11.496 Executing VM operation: HandshakeAllThreads (Deoptimize) done
Event: 11.517 Executing VM operation: HandshakeAllThreads (Deoptimize)
Event: 11.517 Executing VM operation: HandshakeAllThreads (Deoptimize) done
Event: 11.559 Executing VM operation: HandshakeAllThreads (Deoptimize)
Event: 11.559 Executing VM operation: HandshakeAllThreads (Deoptimize) done
Event: 11.585 Executing VM operation: HandshakeAllThreads (Deoptimize)
Event: 11.585 Executing VM operation: HandshakeAllThreads (Deoptimize) done
Event: 12.598 Executing VM operation: Cleanup
Event: 12.598 Executing VM operation: Cleanup done

Memory protections (0 events):
No events

Nmethod flushes (20 events):
Event: 5.865 Thread 0x0000017d5af7eb00 flushing  nmethod 0x0000017d6056d410
Event: 5.865 Thread 0x0000017d5af7eb00 flushing  nmethod 0x0000017d60575010
Event: 5.865 Thread 0x0000017d5af7eb00 flushing  nmethod 0x0000017d60576f90
Event: 5.865 Thread 0x0000017d5af7eb00 flushing  nmethod 0x0000017d60579710
Event: 5.865 Thread 0x0000017d5af7eb00 flushing  nmethod 0x0000017d6057ad10
Event: 5.865 Thread 0x0000017d5af7eb00 flushing  nmethod 0x0000017d6057bd90
Event: 5.865 Thread 0x0000017d5af7eb00 flushing  nmethod 0x0000017d60586510
Event: 5.865 Thread 0x0000017d5af7eb00 flushing  nmethod 0x0000017d605a1b90
Event: 5.865 Thread 0x0000017d5af7eb00 flushing  nmethod 0x0000017d605a2d90
Event: 5.865 Thread 0x0000017d5af7eb00 flushing  nmethod 0x0000017d605a5710
Event: 5.865 Thread 0x0000017d5af7eb00 flushing  nmethod 0x0000017d605a5e10
Event: 5.865 Thread 0x0000017d5af7eb00 flushing  nmethod 0x0000017d605a6790
Event: 5.865 Thread 0x0000017d5af7eb00 flushing  nmethod 0x0000017d605a6d90
Event: 5.865 Thread 0x0000017d5af7eb00 flushing  nmethod 0x0000017d605cab10
Event: 5.865 Thread 0x0000017d5af7eb00 flushing  nmethod 0x0000017d605cd790
Event: 5.865 Thread 0x0000017d5af7eb00 flushing  nmethod 0x0000017d6060e810
Event: 5.865 Thread 0x0000017d5af7eb00 flushing  nmethod 0x0000017d6062bb10
Event: 5.865 Thread 0x0000017d5af7eb00 flushing  nmethod 0x0000017d6064ff10
Event: 5.865 Thread 0x0000017d5af7eb00 flushing  nmethod 0x0000017d6065aa10
Event: 5.865 Thread 0x0000017d5af7eb00 flushing  nmethod 0x0000017d60695290

Events (20 events):
Event: 3.401 Thread 0x0000017d777923c0 Thread added: 0x0000017d7cb153d0
Event: 3.530 Thread 0x0000017d7cb153d0 Thread exited: 0x0000017d7cb153d0
Event: 3.842 Thread 0x0000017d777923c0 Thread added: 0x0000017d7cf20530
Event: 3.842 Thread 0x0000017d777923c0 Thread added: 0x0000017d7cf1fd20
Event: 4.067 Thread 0x0000017d7cf1fd20 Thread exited: 0x0000017d7cf1fd20
Event: 4.086 Thread 0x0000017d7cf20530 Thread exited: 0x0000017d7cf20530
Event: 4.680 Thread 0x0000017d777923c0 Thread added: 0x0000017d7d8a6d00
Event: 5.278 Thread 0x0000017d7d8a6d00 Thread exited: 0x0000017d7d8a6d00
Event: 5.800 Thread 0x0000017d777923c0 Thread added: 0x0000017d7ec93130
Event: 6.120 Thread 0x0000017d7ec93130 Thread exited: 0x0000017d7ec93130
Event: 6.636 Thread 0x0000017d777923c0 Thread added: 0x0000017d7cf65550
Event: 7.050 Thread 0x0000017d7cf65550 Thread exited: 0x0000017d7cf65550
Event: 7.820 Thread 0x0000017d777923c0 Thread added: 0x0000017d7df67c70
Event: 8.144 Thread 0x0000017d777923c0 Thread added: 0x0000017d7d804760
Event: 10.320 Thread 0x0000017d7d804760 Thread exited: 0x0000017d7d804760
Event: 10.685 Thread 0x0000017d777923c0 Thread added: 0x0000017d7e160e50
Event: 11.030 Thread 0x0000017d7e160e50 Thread exited: 0x0000017d7e160e50
Event: 11.564 Thread 0x0000017d7df67c70 Thread exited: 0x0000017d7df67c70
Event: 11.666 Thread 0x0000017d777923c0 Thread added: 0x0000017d7d804750
Event: 11.816 Thread 0x0000017d777923c0 Thread added: 0x0000017d7d674490


Dynamic libraries:
0x00007ff66a800000 - 0x00007ff66a80a000 	C:\Program Files\Android\Android Studio\jbr\bin\java.exe
0x00007ffd98ac0000 - 0x00007ffd98d26000 	C:\WINDOWS\SYSTEM32\ntdll.dll
0x00007ffd98700000 - 0x00007ffd987c9000 	C:\WINDOWS\System32\KERNEL32.DLL
0x00007ffd96080000 - 0x00007ffd9644c000 	C:\WINDOWS\System32\KERNELBASE.dll
0x00007ffd96450000 - 0x00007ffd9659b000 	C:\WINDOWS\System32\ucrtbase.dll
0x00007ffd8ee90000 - 0x00007ffd8eea8000 	C:\Program Files\Android\Android Studio\jbr\bin\jli.dll
0x00007ffd83ab0000 - 0x00007ffd83acb000 	C:\Program Files\Android\Android Studio\jbr\bin\VCRUNTIME140.dll
0x00007ffd96f60000 - 0x00007ffd9712a000 	C:\WINDOWS\System32\USER32.dll
0x00007ffd967c0000 - 0x00007ffd967e7000 	C:\WINDOWS\System32\win32u.dll
0x00007ffd78140000 - 0x00007ffd783da000 	C:\WINDOWS\WinSxS\amd64_microsoft.windows.common-controls_6595b64144ccf1df_6.0.26100.3912_none_3e07963ce335137e\COMCTL32.dll
0x00007ffd98860000 - 0x00007ffd9888b000 	C:\WINDOWS\System32\GDI32.dll
0x00007ffd96880000 - 0x00007ffd96929000 	C:\WINDOWS\System32\msvcrt.dll
0x00007ffd95e80000 - 0x00007ffd95fb2000 	C:\WINDOWS\System32\gdi32full.dll
0x00007ffd95dd0000 - 0x00007ffd95e73000 	C:\WINDOWS\System32\msvcp_win.dll
0x00007ffd96df0000 - 0x00007ffd96e20000 	C:\WINDOWS\System32\IMM32.DLL
0x00007ffd8ee80000 - 0x00007ffd8ee8c000 	C:\Program Files\Android\Android Studio\jbr\bin\vcruntime140_1.dll
0x00007ffd7e940000 - 0x00007ffd7e9cd000 	C:\Program Files\Android\Android Studio\jbr\bin\msvcp140.dll
0x00007ffd180e0000 - 0x00007ffd18d6b000 	C:\Program Files\Android\Android Studio\jbr\bin\server\jvm.dll
0x00007ffd97ea0000 - 0x00007ffd97f52000 	C:\WINDOWS\System32\ADVAPI32.dll
0x00007ffd97130000 - 0x00007ffd971d6000 	C:\WINDOWS\System32\sechost.dll
0x00007ffd983c0000 - 0x00007ffd984d6000 	C:\WINDOWS\System32\RPCRT4.dll
0x00007ffd987e0000 - 0x00007ffd98854000 	C:\WINDOWS\System32\WS2_32.dll
0x00007ffd92150000 - 0x00007ffd92186000 	C:\WINDOWS\SYSTEM32\WINMM.dll
0x00007ffd95aa0000 - 0x00007ffd95afe000 	C:\WINDOWS\SYSTEM32\POWRPROF.dll
0x00007ffd81170000 - 0x00007ffd8117b000 	C:\WINDOWS\SYSTEM32\VERSION.dll
0x00007ffd95a80000 - 0x00007ffd95a94000 	C:\WINDOWS\SYSTEM32\UMPDC.dll
0x00007ffd948a0000 - 0x00007ffd948ba000 	C:\WINDOWS\SYSTEM32\kernel.appcore.dll
0x00007ffd8e030000 - 0x00007ffd8e03a000 	C:\Program Files\Android\Android Studio\jbr\bin\jimage.dll
0x00007ffd93110000 - 0x00007ffd93351000 	C:\WINDOWS\SYSTEM32\DBGHELP.DLL
0x00007ffd97910000 - 0x00007ffd97c94000 	C:\WINDOWS\System32\combase.dll
0x00007ffd98610000 - 0x00007ffd986f0000 	C:\WINDOWS\System32\OLEAUT32.dll
0x00007ffd7b600000 - 0x00007ffd7b639000 	C:\WINDOWS\SYSTEM32\dbgcore.DLL
0x00007ffd965a0000 - 0x00007ffd96639000 	C:\WINDOWS\System32\bcryptPrimitives.dll
0x00007ffd83950000 - 0x00007ffd83970000 	C:\Program Files\Android\Android Studio\jbr\bin\java.dll
0x00007ffd7de40000 - 0x00007ffd7de58000 	C:\Program Files\Android\Android Studio\jbr\bin\zip.dll
0x00007ffd971e0000 - 0x00007ffd9790d000 	C:\WINDOWS\System32\SHELL32.dll
0x00007ffd96640000 - 0x00007ffd967b4000 	C:\WINDOWS\System32\wintypes.dll
0x00007ffd93540000 - 0x00007ffd93d96000 	C:\WINDOWS\SYSTEM32\windows.storage.dll
0x00007ffd98980000 - 0x00007ffd98a6f000 	C:\WINDOWS\System32\SHCORE.dll
0x00007ffd96e30000 - 0x00007ffd96e99000 	C:\WINDOWS\System32\shlwapi.dll
0x00007ffd95b60000 - 0x00007ffd95b8f000 	C:\WINDOWS\SYSTEM32\profapi.dll
0x00007ffd83aa0000 - 0x00007ffd83ab0000 	C:\Program Files\Android\Android Studio\jbr\bin\net.dll
0x00007ffd948c0000 - 0x00007ffd949de000 	C:\WINDOWS\SYSTEM32\WINHTTP.dll
0x00007ffd94f20000 - 0x00007ffd94f8a000 	C:\WINDOWS\system32\mswsock.dll
0x00007ffd7c7e0000 - 0x00007ffd7c7f6000 	C:\Program Files\Android\Android Studio\jbr\bin\nio.dll
0x00007ffd7f050000 - 0x00007ffd7f060000 	C:\Program Files\Android\Android Studio\jbr\bin\verify.dll

dbghelp: loaded successfully - version: 4.0.5 - missing functions: none
symbol engine: initialized successfully - sym options: 0x614 - pdb path: .;C:\Program Files\Android\Android Studio\jbr\bin;C:\WINDOWS\SYSTEM32;C:\WINDOWS\WinSxS\amd64_microsoft.windows.common-controls_6595b64144ccf1df_6.0.26100.3912_none_3e07963ce335137e;C:\Program Files\Android\Android Studio\jbr\bin\server

VM Arguments:
java_command: org.jetbrains.kotlin.cli.jvm.K2JVMCompiler @D:\TrainingVM\Files\FocusApp\android\app\build\20250626_15986156367416776851.compiler.options
java_class_path (initial): C:\Users\chandradip.gupta\.gradle\caches\modules-2\files-2.1\org.jetbrains.kotlin\kotlin-compiler-embeddable\2.1.20\4ef56b3316798316bfac7a0ae443391c9e900ea1\kotlin-compiler-embeddable-2.1.20.jar;C:\Users\chandradip.gupta\.gradle\caches\modules-2\files-2.1\org.jetbrains.kotlin\kotlin-stdlib\2.1.20\aa8ca79cd50578314f6d1180c47cbe14c0fee567\kotlin-stdlib-2.1.20.jar;C:\Users\chandradip.gupta\.gradle\caches\modules-2\files-2.1\org.jetbrains.kotlin\kotlin-script-runtime\2.1.20\f7c623d7f7bdb01f5ccd6b437bc0a937fcd7c57e\kotlin-script-runtime-2.1.20.jar;C:\Users\chandradip.gupta\.gradle\caches\modules-2\files-2.1\org.jetbrains.kotlin\kotlin-reflect\1.6.10\1cbe9c92c12a94eea200d23c2bbaedaf3daf5132\kotlin-reflect-1.6.10.jar;C:\Users\chandradip.gupta\.gradle\caches\modules-2\files-2.1\org.jetbrains.kotlin\kotlin-daemon-embeddable\2.1.20\95670fce77befd02a70a0bc3abe8ee4533521334\kotlin-daemon-embeddable-2.1.20.jar;C:\Users\chandradip.gupta\.gradle\caches\modules-2\files-2.1\org.jetbrains.intellij.deps\trove4j\1.0.20200330\3afb14d5f9ceb459d724e907a21145e8ff394f02\trove4j-1.0.20200330.jar;C:\Users\chandradip.gupta\.gradle\caches\modules-2\files-2.1\org.jetbrains.kotlinx\kotlinx-coroutines-core-jvm\1.8.0\ac1dc37a30a93150b704022f8d895ee1bd3a36b3\kotlinx-coroutines-core-jvm-1.8.0.jar;C:\Users\chandradip.gupta\.gradle\caches\modules-2\files-2.1\org.jetbrains\annotations\13.0\919f0dfe192fb4e063e7dacadee7f8bb9a2672a9\annotations-13.0.jar
Launcher Type: SUN_STANDARD

[Global flags]
     intx CICompilerCount                          = 4                                         {product} {ergonomic}
     uint ConcGCThreads                            = 3                                         {product} {ergonomic}
     uint G1ConcRefinementThreads                  = 10                                        {product} {ergonomic}
   size_t G1HeapRegionSize                         = 2097152                                   {product} {ergonomic}
    uintx GCDrainStackTargetSize                   = 64                                        {product} {ergonomic}
   size_t InitialHeapSize                          = 264241152                                 {product} {ergonomic}
   size_t MarkStackSize                            = 4194304                                   {product} {ergonomic}
   size_t MaxHeapSize                              = 4213178368                                {product} {ergonomic}
   size_t MaxNewSize                               = 2527068160                                {product} {ergonomic}
   size_t MinHeapDeltaBytes                        = 2097152                                   {product} {ergonomic}
   size_t MinHeapSize                              = 8388608                                   {product} {ergonomic}
    uintx NonNMethodCodeHeapSize                   = 5839372                                {pd product} {ergonomic}
    uintx NonProfiledCodeHeapSize                  = 122909434                              {pd product} {ergonomic}
    uintx ProfiledCodeHeapSize                     = 122909434                              {pd product} {ergonomic}
    uintx ReservedCodeCacheSize                    = 251658240                              {pd product} {ergonomic}
     bool SegmentedCodeCache                       = true                                      {product} {ergonomic}
   size_t SoftMaxHeapSize                          = 4213178368                             {manageable} {ergonomic}
     bool UseCompressedOops                        = true                           {product lp64_product} {ergonomic}
     bool UseG1GC                                  = true                                      {product} {ergonomic}
     bool UseLargePagesIndividualAllocation        = false                                  {pd product} {ergonomic}

Logging:
Log output configuration:
 #0: stdout all=warning uptime,level,tags foldmultilines=false
 #1: stderr all=off uptime,level,tags foldmultilines=false

Environment Variables:
JAVA_HOME=C:\Program Files\Java\jdk-17.0.5
PATH=C:\Program Files\Java\jdk-17.0.5\bin;C:\Program Files\Common Files\Oracle\Java\javapath;C:\Program Files (x86)\Common Files\Oracle\Java\java8path;C:\Program Files (x86)\Common Files\Oracle\Java\javapath;C:\WINDOWS\system32;C:\WINDOWS;C:\WINDOWS\System32\Wbem;C:\WINDOWS\System32\WindowsPowerShell\v1.0\;C:\WINDOWS\System32\OpenSSH\;C:\Program Files\TortoiseSVN\bin;C:\ProgramData\chocolatey\bin;C:\Program Files\nodejs\;%LOCALAPPDATA%\Android\Sdk\platform-tools;C:\Program Files\Git\cmd;%LOCALAPPDATA%\Android\Sdk;C:\Program Files\MySQL\MySQL Server 8.0\bin;C:\Users\chandradip.gupta\AppData\Local\Android\Sdk\tools;C:\Program Files\MySQL\MySQL Shell 8.0\bin\;C:\Users\chandradip.gupta\AppData\Local\Microsoft\WindowsApps;C:\Users\chandradip.gupta\AppData\Local\Programs\Microsoft VS Code\bin;C:\Users\chandradip.gupta\AppData\Roaming\npm;C:\Users\chandradip.gupta\AppData\Local\Android\Sdk\platform-tools;C:\Program Files\Git\cmd\git.exe;C:\Users\chandradip.gupta\AppData\Local\Android\Sdk;C:\Program Files\MySQL\MySQL Server 8.0\bin;
USERNAME=chandradip.gupta
OS=Windows_NT
PROCESSOR_IDENTIFIER=Intel64 Family 6 Model 186 Stepping 3, GenuineIntel
TMP=C:\Users\CHANDR~1.GUP\AppData\Local\Temp
TEMP=C:\Users\CHANDR~1.GUP\AppData\Local\Temp




Periodic native trim disabled

JNI global refs:
JNI global refs: 10, weak refs: 7

JNI global refs memory usage: 835, weak refs: 833

Process memory usage:
Resident Set Size: 263976K (1% of 16454352K total physical memory with 689368K free physical memory)

OOME stack traces (most recent first):
Classloader memory used:
Loader jdk.internal.loader.ClassLoaders$AppClassLoader                                 : 44940K
Loader bootstrap                                                                       : 10535K

---------------  S Y S T E M  ---------------

OS:
 Windows 11 , 64 bit Build 26100 (10.0.26100.3912)
OS uptime: 5 days 22:43 hours
Hyper-V role detected

CPU: total 12 (initial active 12) (6 cores per cpu, 2 threads per core) family 6 model 186 stepping 3 microcode 0x4123, cx8, cmov, fxsr, ht, mmx, 3dnowpref, sse, sse2, sse3, ssse3, sse4.1, sse4.2, popcnt, lzcnt, tsc, tscinvbit, avx, avx2, aes, erms, clmul, bmi1, bmi2, adx, sha, fma, vzeroupper, clflush, clflushopt, clwb, hv, serialize, rdtscp, rdpid, fsrm, f16c, cet_ibt, cet_ss
Processor Information for processor 0
  Max Mhz: 1600, Current Mhz: 1600, Mhz Limit: 1600
Processor Information for processor 1
  Max Mhz: 1600, Current Mhz: 1600, Mhz Limit: 1600
Processor Information for processor 2
  Max Mhz: 1600, Current Mhz: 1600, Mhz Limit: 1600
Processor Information for processor 3
  Max Mhz: 1600, Current Mhz: 1600, Mhz Limit: 1600
Processor Information for processor 4
  Max Mhz: 1600, Current Mhz: 1466, Mhz Limit: 1600
Processor Information for processor 5
  Max Mhz: 1600, Current Mhz: 1466, Mhz Limit: 1600
Processor Information for processor 6
  Max Mhz: 1600, Current Mhz: 1466, Mhz Limit: 1600
Processor Information for processor 7
  Max Mhz: 1600, Current Mhz: 1466, Mhz Limit: 1600
Processor Information for processor 8
  Max Mhz: 1600, Current Mhz: 1600, Mhz Limit: 1600
Processor Information for processor 9
  Max Mhz: 1600, Current Mhz: 1600, Mhz Limit: 1600
Processor Information for processor 10
  Max Mhz: 1600, Current Mhz: 1600, Mhz Limit: 1600
Processor Information for processor 11
  Max Mhz: 1600, Current Mhz: 1600, Mhz Limit: 1600

Memory: 4k page, system-wide physical 16068M (818M free)
TotalPageFile size 41588M (AvailPageFile size 107M)
current process WorkingSet (physical memory assigned to process): 254M, peak: 258M
current process commit charge ("private bytes"): 297M, peak: 362M

vm_info: OpenJDK 64-Bit Server VM (21.0.6+-13355223-b631.42) for windows-amd64 JRE (21.0.6+-13355223-b631.42), built on 2025-04-14T18:21:23Z by "builder" with MS VC++ 16.10 / 16.11 (VS2019)

END.
